<?xml version="1.0" encoding="UTF-8"?>
<!-- Generated by org.testng.reporters.JUnitXMLReporter -->
<testsuite ignored="5" hostname="WSAMZN-AO2UGDUI" failures="0" tests="1" name="Test" time="33.091" errors="0" timestamp="2023-05-11T15:08:08 IST">
  <testcase classname="TestClasses.PlayerPasswordAccLimitTestClass" name="verifyAddEmailVerificationMessageFunctionality" time="17.072"/>
  <testcase classname="TestClasses.PlayerPasswordAccLimitTestClass" name="verifyNoPlayerPassAccLimitFunctionality" time="0.0">
    <ignored/>
  </testcase> <!-- verifyNoPlayerPassAccLimitFunctionality -->
  <testcase classname="TestClasses.PlayerPasswordAccLimitTestClass" name="verifyAddEmailMessageFunctionality" time="0.0">
    <ignored/>
  </testcase> <!-- verifyAddEmailMessageFunctionality -->
  <testcase classname="TestClasses.PlayerPasswordAccLimitTestClass" name="verifyNoEmailMessageAddedFunctionality" time="0.0">
    <ignored/>
  </testcase> <!-- verifyNoEmailMessageAddedFunctionality -->
  <testcase classname="TestClasses.PlayerPasswordAccLimitTestClass" name="verifyNoEmailVerificationMessageAddedFunctionality" time="0.0">
    <ignored/>
  </testcase> <!-- verifyNoEmailVerificationMessageAddedFunctionality -->
  <testcase classname="TestClasses.PlayerPasswordAccLimitTestClass" name="verifyPlayerPassAccLimitFunctionality" time="0.0">
    <ignored/>
  </testcase> <!-- verifyPlayerPassAccLimitFunctionality -->
</testsuite> <!-- Test -->
