<?xml version="1.0" encoding="UTF-8"?>
<testng-results ignored="5" total="6" passed="1" failed="0" skipped="0">
  <reporter-output>
  </reporter-output>
  <suite started-at="2023-05-11T15:07:35 IST" name="Suite" finished-at="2023-05-11T15:08:08 IST" duration-ms="33091">
    <groups>
    </groups>
    <test started-at="2023-05-11T15:07:35 IST" name="Test" finished-at="2023-05-11T15:08:08 IST" duration-ms="33091">
      <class name="TestClasses.PlayerPasswordAccLimitTestClass">
        <test-method is-config="true" signature="setup()[pri:0, instance:TestClasses.PlayerPasswordAccLimitTestClass@be68757]" started-at="2023-05-11T15:07:35 IST" name="setup" finished-at="2023-05-11T15:07:51 IST" duration-ms="15887" status="PASS">
          <reporter-output>
          </reporter-output>
        </test-method> <!-- setup -->
        <test-method signature="verifyAddEmailVerificationMessageFunctionality()[pri:5, instance:TestClasses.PlayerPasswordAccLimitTestClass@be68757]" started-at="2023-05-11T15:07:51 IST" name="verifyAddEmailVerificationMessageFunctionality" finished-at="2023-05-11T15:08:08 IST" duration-ms="17072" status="PASS">
          <reporter-output>
          </reporter-output>
        </test-method> <!-- verifyAddEmailVerificationMessageFunctionality -->
      </class> <!-- TestClasses.PlayerPasswordAccLimitTestClass -->
    </test> <!-- Test -->
  </suite> <!-- Suite -->
</testng-results>
