<?xml version="1.0" encoding="UTF-8"?>
<!-- Generated by org.testng.reporters.JUnitXMLReporter -->
<testsuite ignored="0" hostname="WSAMZN-AO2UGDUI" failures="1" tests="8" name="Test" time="34.915" errors="0" timestamp="2023-03-13T17:44:44 IST">
  <testcase classname="TestClasses.HomePageFunctionality" name="verifyHeaderFunctionality" time="2.127"/>
  <testcase classname="TestClasses.HomePageFunctionality" name="verifyDateTimeFunctionality" time="0.431"/>
  <testcase classname="TestClasses.HomePageFunctionality" name="verifyMultilingualLogoFunctionality" time="1.037"/>
  <testcase classname="TestClasses.HomePageFunctionality" name="verifyProfileFunctionality" time="1.869"/>
  <testcase classname="TestClasses.HomePageFunctionality" name="verifyNOChangePasswordFunctionality" time="3.595"/>
  <testcase classname="TestClasses.HomePageFunctionality" name="verifyWrongPasswordFunctionality" time="4.954"/>
  <testcase classname="TestClasses.HomePageFunctionality" name="verifyChangePasswordFunctionality" time="4.478"/>
  <testcase classname="TestClasses.HomePageFunctionality" name="verifyLogoutFunctionality" time="5.493">
    <failure type="java.lang.AssertionError" message="Logout Fnctionality Fails expected [http://reevo-dev.api-hkbgaming88.com/login] but found [http://master.test.api-hkbgaming88.com/login]">
      <![CDATA[java.lang.AssertionError: Logout Fnctionality Fails expected [http://reevo-dev.api-hkbgaming88.com/login] but found [http://master.test.api-hkbgaming88.com/login]
at TestClasses.HomePageFunctionality.verifyLogoutFunctionality(HomePageFunctionality.java:110)
at java.base/java.util.ArrayList.forEach(ArrayList.java:1511)
... Removed 32 stack frames]]>
    </failure>
  </testcase> <!-- verifyLogoutFunctionality -->
</testsuite> <!-- Test -->
